\BOOKMARK [0][-]{section*.1}{\376\377\000D\000e\000c\000l\000a\000r\000a\000t\000i\000o\000n\000\040\000o\000f\000\040\000A\000u\000t\000h\000o\000r\000s\000h\000i\000p}{}% 1
\BOOKMARK [0][-]{section*.2}{\376\377\000A\000b\000s\000t\000r\000a\000c\000t}{}% 2
\BOOKMARK [0][-]{section*.3}{\376\377\000A\000c\000k\000n\000o\000w\000l\000e\000d\000g\000e\000m\000e\000n\000t\000s}{}% 3
\BOOKMARK [0][-]{chapter.10}{\376\377\000I\000n\000t\000r\000o\000d\000u\000c\000t\000i\000o\000n}{}% 4
\BOOKMARK [1][-]{section.12}{\376\377\000S\000e\000g\000m\000e\000n\000t\000e\000d\000\040\000M\000i\000r\000r\000o\000r\000s\000\040\000/\000\040\000A\000c\000t\000i\000v\000e\000\040\000O\000p\000t\000i\000c\000s}{chapter.10}% 5
\BOOKMARK [1][-]{section.16}{\376\377\000F\000P\000W\000F\000S}{chapter.10}% 6
\BOOKMARK [1][-]{section.17}{\376\377\000V\000e\000c\000t\000o\000r\000\040\000A\000p\000o\000d\000i\000z\000i\000n\000g\000\040\000P\000h\000a\000s\000e\000\040\000P\000l\000a\000t\000e}{chapter.10}% 7
\BOOKMARK [0][-]{chapter.18}{\376\377\000S\000i\000m\000u\000l\000a\000t\000i\000o\000n}{}% 8
\BOOKMARK [1][-]{section.19}{\376\377\000R\000e\000s\000p\000o\000n\000s\000e\000\040\000M\000a\000t\000r\000i\000x}{chapter.18}% 9
\BOOKMARK [1][-]{section.29}{\376\377\000C\000o\000n\000t\000r\000o\000l\000\040\000M\000a\000t\000r\000i\000x}{chapter.18}% 10
\BOOKMARK [0][-]{chapter.33}{\376\377\000O\000p\000t\000i\000c\000a\000l\000\040\000T\000e\000s\000t\000b\000e\000d}{}% 11
\BOOKMARK [1][-]{section.34}{\376\377\000O\000p\000t\000i\000c\000a\000l\000\040\000L\000a\000y\000o\000u\000t}{chapter.33}% 12
\BOOKMARK [1][-]{section.36}{\376\377\000O\000p\000t\000i\000c\000a\000l\000\040\000A\000l\000i\000g\000n\000m\000e\000n\000t}{chapter.33}% 13
\BOOKMARK [1][-]{section.41}{\376\377\000I\000m\000a\000g\000e\000s\000\040\000\046\000\040\000W\000a\000v\000e\000f\000r\000o\000n\000t\000\040\000D\000e\000c\000o\000m\000p\000o\000s\000i\000t\000i\000o\000n}{chapter.33}% 14
\BOOKMARK [0][-]{chapter.45}{\376\377\000R\000e\000s\000u\000l\000t\000s}{}% 15
\BOOKMARK [1][-]{section.46}{\376\377\000S\000i\000m\000u\000l\000a\000t\000i\000o\000n\000\040\000R\000e\000s\000u\000l\000t\000s}{chapter.45}% 16
\BOOKMARK [1][-]{section.49}{\376\377\000T\000e\000s\000t\000b\000e\000d\000\040\000R\000e\000s\000u\000l\000t\000s}{chapter.45}% 17
\BOOKMARK [1][-]{section.51}{\376\377\000F\000u\000t\000u\000r\000e\000\040\000W\000o\000r\000k}{chapter.45}% 18
\BOOKMARK [0][-]{appendix.52}{\376\377\000R\000e\000s\000p\000o\000n\000s\000e\000\040\000M\000a\000t\000r\000i\000x\000\040\000I\000m\000a\000g\000e\000s}{}% 19
\BOOKMARK [0][-]{appendix.54}{\376\377\000S\000i\000m\000u\000l\000a\000t\000i\000o\000n\000\040\000R\000e\000s\000u\000l\000t\000s}{}% 20
